<?xml version="1.0" encoding="UTF-8"?>
<testsuite name="RemoveTagFromTaskUseCaseTest" tests="2" skipped="0" failures="0" errors="0" timestamp="2026-02-09T09:35:22" hostname="XINAFOATO" time="0.004">
  <properties/>
  <testcase name="shouldThrowExceptionWhenTaskIdIsNull()" classname="RemoveTagFromTaskUseCaseTest" time="0.003"/>
  <testcase name="shouldRemoveTagSuccessfully()" classname="RemoveTagFromTaskUseCaseTest" time="0.001"/>
  <system-out><![CDATA[]]></system-out>
  <system-err><![CDATA[]]></system-err>
</testsuite>
