<?xml version="1.0" encoding="UTF-8"?>
<testsuite name="UpdateTaskUseCaseTest" tests="2" skipped="0" failures="0" errors="0" timestamp="2026-02-09T09:35:22" hostname="XINAFOATO" time="0.024">
  <properties/>
  <testcase name="shouldUpdateTaskSuccessfully()" classname="UpdateTaskUseCaseTest" time="0.003"/>
  <testcase name="shouldThrowExceptionWhenTaskNotFound()" classname="UpdateTaskUseCaseTest" time="0.02"/>
  <system-out><![CDATA[]]></system-out>
  <system-err><![CDATA[]]></system-err>
</testsuite>
