<?xml version="1.0" encoding="UTF-8"?>
<testsuite name="ViewTasksUseCaseTest" tests="2" skipped="0" failures="0" errors="0" timestamp="2026-02-09T09:35:22" hostname="XINAFOATO" time="0.006">
  <properties/>
  <testcase name="shouldThrowExceptionWhenTaskListIdIsEmpty()" classname="ViewTasksUseCaseTest" time="0.001"/>
  <testcase name="shouldReturnTasksForTaskList()" classname="ViewTasksUseCaseTest" time="0.004"/>
  <system-out><![CDATA[]]></system-out>
  <system-err><![CDATA[]]></system-err>
</testsuite>
