<?xml version="1.0" encoding="UTF-8"?>
<testsuite name="CompleteTaskUseCaseTest" tests="3" skipped="0" failures="0" errors="0" timestamp="2026-02-09T09:35:22" hostname="XINAFOATO" time="0.03">
  <properties/>
  <testcase name="should_complete_task_when_task_exists_and_belongs_to_task_list()" classname="CompleteTaskUseCaseTest" time="0.022"/>
  <testcase name="should_throw_exception_when_task_does_not_exist()" classname="CompleteTaskUseCaseTest" time="0.003"/>
  <testcase name="should_throw_exception_when_task_does_not_belong_to_task_list()" classname="CompleteTaskUseCaseTest" time="0.002"/>
  <system-out><![CDATA[]]></system-out>
  <system-err><![CDATA[]]></system-err>
</testsuite>
