<?xml version="1.0" encoding="UTF-8"?>
<testsuite name="StartTaskUseCaseTest" tests="2" skipped="0" failures="0" errors="0" timestamp="2026-02-09T09:35:22" hostname="XINAFOATO" time="0.004">
  <properties/>
  <testcase name="shouldThrowExceptionIfTaskNotFound()" classname="StartTaskUseCaseTest" time="0.002"/>
  <testcase name="shouldStartTaskSuccessfully()" classname="StartTaskUseCaseTest" time="0.001"/>
  <system-out><![CDATA[]]></system-out>
  <system-err><![CDATA[]]></system-err>
</testsuite>
