<?xml version="1.0" encoding="UTF-8"?>
<testsuite name="DeleteTaskUseCaseTest" tests="2" skipped="0" failures="0" errors="0" timestamp="2025-12-24T17:31:48.912Z" hostname="LAPTOP-ES82C2L4" time="0.093">
  <properties/>
  <testcase name="shouldThrowExceptionWhenTaskDoesNotBelongToList()" classname="DeleteTaskUseCaseTest" time="0.086"/>
  <testcase name="shouldDeleteTaskWhenTaskExistsAndBelongsToList()" classname="DeleteTaskUseCaseTest" time="0.006"/>
  <system-out><![CDATA[]]></system-out>
  <system-err><![CDATA[]]></system-err>
</testsuite>
