<?xml version="1.0" encoding="UTF-8"?>
<testsuite name="AddTaskUseCaseTest" tests="2" skipped="0" failures="0" errors="0" timestamp="2025-12-24T17:31:48.554Z" hostname="LAPTOP-ES82C2L4" time="0.262">
  <properties/>
  <testcase name="shouldAddTaskSuccessfully()" classname="AddTaskUseCaseTest" time="0.253"/>
  <testcase name="shouldThrowExceptionWhenRequestIsNull()" classname="AddTaskUseCaseTest" time="0.007"/>
  <system-out><![CDATA[]]></system-out>
  <system-err><![CDATA[]]></system-err>
</testsuite>
