<?xml version="1.0" encoding="UTF-8"?>
<testsuite name="DeleteTaskUseCaseTest" tests="2" skipped="0" failures="0" errors="0" timestamp="2026-02-09T09:35:22" hostname="XINAFOATO" time="0.038">
  <properties/>
  <testcase name="shouldThrowExceptionWhenTaskDoesNotBelongToList()" classname="DeleteTaskUseCaseTest" time="0.034"/>
  <testcase name="shouldDeleteTaskWhenTaskExistsAndBelongsToList()" classname="DeleteTaskUseCaseTest" time="0.002"/>
  <system-out><![CDATA[]]></system-out>
  <system-err><![CDATA[]]></system-err>
</testsuite>
