<?xml version="1.0" encoding="UTF-8"?>
<testsuite name="RemoveTagFromTaskUseCaseTest" tests="2" skipped="0" failures="0" errors="0" timestamp="2025-12-24T17:31:49.010Z" hostname="LAPTOP-ES82C2L4" time="0.013">
  <properties/>
  <testcase name="shouldThrowExceptionWhenTaskIdIsNull()" classname="RemoveTagFromTaskUseCaseTest" time="0.006"/>
  <testcase name="shouldRemoveTagSuccessfully()" classname="RemoveTagFromTaskUseCaseTest" time="0.004"/>
  <system-out><![CDATA[]]></system-out>
  <system-err><![CDATA[]]></system-err>
</testsuite>
